  [1m[35m (2.5ms)[0m  [1m[34mSELECT sqlite_version(*)[0m
  [1m[35m (1.3ms)[0m  [1m[35mCREATE TABLE "schema_migrations" ("version" varchar NOT NULL PRIMARY KEY)[0m
  [1m[35m (1.2ms)[0m  [1m[35mCREATE TABLE "ar_internal_metadata" ("key" varchar NOT NULL PRIMARY KEY, "value" varchar, "created_at" datetime(6) NOT NULL, "updated_at" datetime(6) NOT NULL)[0m
  [1m[35m (0.3ms)[0m  [1m[34mSELECT "schema_migrations"."version" FROM "schema_migrations" ORDER BY "schema_migrations"."version" ASC[0m
Migrating to CreatePets (20210125222340)
  [1m[36mTRANSACTION (0.1ms)[0m  [1m[36mbegin transaction[0m
  [1m[35m (0.7ms)[0m  [1m[35mCREATE TABLE "pets" ("id" integer PRIMARY KEY AUTOINCREMENT NOT NULL, "name" varchar, "owner" varchar, "image_url" varchar, "created_at" datetime(6) NOT NULL, "updated_at" datetime(6) NOT NULL)[0m
  [1m[36mActiveRecord::SchemaMigration Create (0.3ms)[0m  [1m[32mINSERT INTO "schema_migrations" ("version") VALUES (?)[0m  [["version", "20210125222340"]]
  [1m[36mTRANSACTION (2.3ms)[0m  [1m[36mcommit transaction[0m
Migrating to CreateNeeds (20210125223019)
  [1m[36mTRANSACTION (0.1ms)[0m  [1m[36mbegin transaction[0m
  [1m[35m (0.7ms)[0m  [1m[35mCREATE TABLE "needs" ("id" integer PRIMARY KEY AUTOINCREMENT NOT NULL, "medication" varchar, "exercise" varchar, "diet" varchar, "completed" boolean, "notes" varchar, "pet_id" integer NOT NULL, "created_at" datetime(6) NOT NULL, "updated_at" datetime(6) NOT NULL, CONSTRAINT "fk_rails_9f8691acbd"
FOREIGN KEY ("pet_id")
  REFERENCES "pets" ("id")
)[0m
  [1m[35m (0.3ms)[0m  [1m[35mCREATE INDEX "index_needs_on_pet_id" ON "needs" ("pet_id")[0m
  [1m[36mActiveRecord::SchemaMigration Create (0.2ms)[0m  [1m[32mINSERT INTO "schema_migrations" ("version") VALUES (?)[0m  [["version", "20210125223019"]]
  [1m[36mTRANSACTION (0.9ms)[0m  [1m[36mcommit transaction[0m
  [1m[36mActiveRecord::InternalMetadata Load (0.4ms)[0m  [1m[34mSELECT "ar_internal_metadata".* FROM "ar_internal_metadata" WHERE "ar_internal_metadata"."key" = ? LIMIT ?[0m  [["key", "environment"], ["LIMIT", 1]]
  [1m[36mTRANSACTION (0.1ms)[0m  [1m[36mbegin transaction[0m
  [1m[36mActiveRecord::InternalMetadata Create (0.4ms)[0m  [1m[32mINSERT INTO "ar_internal_metadata" ("key", "value", "created_at", "updated_at") VALUES (?, ?, ?, ?)[0m  [["key", "environment"], ["value", "development"], ["created_at", "2021-01-25 22:39:57.498865"], ["updated_at", "2021-01-25 22:39:57.498865"]]
  [1m[36mTRANSACTION (1.0ms)[0m  [1m[36mcommit transaction[0m
  [1m[35m (0.1ms)[0m  [1m[34mSELECT sqlite_version(*)[0m
  [1m[35m (0.3ms)[0m  [1m[34mSELECT "schema_migrations"."version" FROM "schema_migrations" ORDER BY "schema_migrations"."version" ASC[0m
  [1m[35m (1.3ms)[0m  [1m[34mSELECT sqlite_version(*)[0m
  [1m[35m (0.5ms)[0m  [1m[34mSELECT "schema_migrations"."version" FROM "schema_migrations" ORDER BY "schema_migrations"."version" ASC[0m
  [1m[35m (0.1ms)[0m  [1m[34mSELECT sqlite_version(*)[0m
  [1m[36mNeed Destroy (0.7ms)[0m  [1m[31mDELETE FROM "needs"[0m
  [1m[36mPet Destroy (0.5ms)[0m  [1m[31mDELETE FROM "pets"[0m
  [1m[36mTRANSACTION (0.1ms)[0m  [1m[36mbegin transaction[0m
  [1m[36mPet Create (1.1ms)[0m  [1m[32mINSERT INTO "pets" ("name", "owner", "created_at", "updated_at") VALUES (?, ?, ?, ?)[0m  [["name", "Flopsie"], ["owner", "Fiona"], ["created_at", "2021-01-25 22:45:44.628741"], ["updated_at", "2021-01-25 22:45:44.628741"]]
  [1m[36mTRANSACTION (0.8ms)[0m  [1m[36mcommit transaction[0m
  [1m[36mTRANSACTION (0.0ms)[0m  [1m[36mbegin transaction[0m
  [1m[36mPet Create (0.3ms)[0m  [1m[32mINSERT INTO "pets" ("name", "owner", "created_at", "updated_at") VALUES (?, ?, ?, ?)[0m  [["name", "Donkey"], ["owner", "Shrek"], ["created_at", "2021-01-25 22:45:44.635993"], ["updated_at", "2021-01-25 22:45:44.635993"]]
  [1m[36mTRANSACTION (0.7ms)[0m  [1m[36mcommit transaction[0m
  [1m[35m (1.3ms)[0m  [1m[34mSELECT sqlite_version(*)[0m
  [1m[35m (0.5ms)[0m  [1m[34mSELECT "schema_migrations"."version" FROM "schema_migrations" ORDER BY "schema_migrations"."version" ASC[0m
  [1m[35m (0.1ms)[0m  [1m[34mSELECT "schema_migrations"."version" FROM "schema_migrations" ORDER BY "schema_migrations"."version" ASC[0m
  [1m[35m (0.1ms)[0m  [1m[34mSELECT "schema_migrations"."version" FROM "schema_migrations" ORDER BY "schema_migrations"."version" ASC[0m
  [1m[35m (0.1ms)[0m  [1m[34mSELECT "schema_migrations"."version" FROM "schema_migrations" ORDER BY "schema_migrations"."version" ASC[0m
Migrating to CreateNeeds (20210125223019)
  [1m[36mTRANSACTION (0.1ms)[0m  [1m[36mbegin transaction[0m
  [1m[35m (1.3ms)[0m  [1m[35mDROP TABLE "needs"[0m
  [1m[36mActiveRecord::SchemaMigration Destroy (0.5ms)[0m  [1m[31mDELETE FROM "schema_migrations" WHERE "schema_migrations"."version" = ?[0m  [["version", "20210125223019"]]
  [1m[36mTRANSACTION (0.8ms)[0m  [1m[36mcommit transaction[0m
  [1m[35m (0.1ms)[0m  [1m[34mSELECT sqlite_version(*)[0m
  [1m[35m (1.1ms)[0m  [1m[34mSELECT "schema_migrations"."version" FROM "schema_migrations" ORDER BY "schema_migrations"."version" ASC[0m
  [1m[35m (1.2ms)[0m  [1m[34mSELECT sqlite_version(*)[0m
  [1m[35m (0.2ms)[0m  [1m[34mSELECT "schema_migrations"."version" FROM "schema_migrations" ORDER BY "schema_migrations"."version" ASC[0m
Migrating to CreateNeeds (20210125223019)
  [1m[36mTRANSACTION (0.1ms)[0m  [1m[36mbegin transaction[0m
  [1m[35m (1.0ms)[0m  [1m[35mCREATE TABLE "needs" ("id" integer PRIMARY KEY AUTOINCREMENT NOT NULL, "medication" varchar, "exercise" varchar, "diet" varchar, "completed" boolean, "notes" varchar, "pet_id" integer NOT NULL, "created_at" datetime(6) NOT NULL, "updated_at" datetime(6) NOT NULL, CONSTRAINT "fk_rails_9f8691acbd"
FOREIGN KEY ("pet_id")
  REFERENCES "pets" ("id")
)[0m
  [1m[35m (0.3ms)[0m  [1m[35mCREATE INDEX "index_needs_on_pet_id" ON "needs" ("pet_id")[0m
  [1m[36mActiveRecord::SchemaMigration Create (0.3ms)[0m  [1m[32mINSERT INTO "schema_migrations" ("version") VALUES (?)[0m  [["version", "20210125223019"]]
  [1m[36mTRANSACTION (1.0ms)[0m  [1m[36mcommit transaction[0m
  [1m[36mActiveRecord::InternalMetadata Load (1.1ms)[0m  [1m[34mSELECT "ar_internal_metadata".* FROM "ar_internal_metadata" WHERE "ar_internal_metadata"."key" = ? LIMIT ?[0m  [["key", "environment"], ["LIMIT", 1]]
  [1m[35m (0.1ms)[0m  [1m[34mSELECT sqlite_version(*)[0m
  [1m[35m (0.1ms)[0m  [1m[34mSELECT "schema_migrations"."version" FROM "schema_migrations" ORDER BY "schema_migrations"."version" ASC[0m
  [1m[35m (1.1ms)[0m  [1m[34mSELECT sqlite_version(*)[0m
  [1m[35m (0.5ms)[0m  [1m[34mSELECT "schema_migrations"."version" FROM "schema_migrations" ORDER BY "schema_migrations"."version" ASC[0m
  [1m[35m (0.4ms)[0m  [1m[34mSELECT sqlite_version(*)[0m
  [1m[35m (0.6ms)[0m  [1m[34mSELECT "schema_migrations"."version" FROM "schema_migrations" ORDER BY "schema_migrations"."version" ASC[0m
  [1m[35m (0.1ms)[0m  [1m[34mSELECT sqlite_version(*)[0m
  [1m[36mNeed Destroy (0.5ms)[0m  [1m[31mDELETE FROM "needs"[0m
  [1m[36mPet Destroy (3.6ms)[0m  [1m[31mDELETE FROM "pets"[0m
  [1m[36mTRANSACTION (0.1ms)[0m  [1m[36mbegin transaction[0m
  [1m[36mPet Create (0.6ms)[0m  [1m[32mINSERT INTO "pets" ("name", "owner", "image_url", "created_at", "updated_at") VALUES (?, ?, ?, ?, ?)[0m  [["name", "Flopsie"], ["owner", "Fiona"], ["image_url", "https://static.wikia.nocookie.net/avatar/images/4/4c/Goat_gorilla.png/revision/latest/scale-to-width-down/333?cb=20130706150318"], ["created_at", "2021-01-25 22:56:55.977366"], ["updated_at", "2021-01-25 22:56:55.977366"]]
  [1m[36mTRANSACTION (1.4ms)[0m  [1m[36mcommit transaction[0m
  [1m[36mTRANSACTION (0.1ms)[0m  [1m[36mbegin transaction[0m
  [1m[36mPet Create (0.4ms)[0m  [1m[32mINSERT INTO "pets" ("name", "owner", "image_url", "created_at", "updated_at") VALUES (?, ?, ?, ?, ?)[0m  [["name", "Donkey"], ["owner", "Shrek"], ["image_url", "https://static.wikia.nocookie.net/universalstudios/images/f/f0/Donkey_shrek.png/revision/latest?cb=20170921231940"], ["created_at", "2021-01-25 22:56:55.983116"], ["updated_at", "2021-01-25 22:56:55.983116"]]
  [1m[36mTRANSACTION (0.7ms)[0m  [1m[36mcommit transaction[0m
  [1m[35m (1.3ms)[0m  [1m[34mSELECT sqlite_version(*)[0m
  [1m[36mPet Load (0.5ms)[0m  [1m[34mSELECT "pets".* FROM "pets" /* loading for inspect */ LIMIT ?[0m  [["LIMIT", 11]]
  [1m[36mNeed Load (0.5ms)[0m  [1m[34mSELECT "needs".* FROM "needs" /* loading for inspect */ LIMIT ?[0m  [["LIMIT", 11]]
  [1m[35m (1.3ms)[0m  [1m[34mSELECT sqlite_version(*)[0m
  [1m[35m (0.6ms)[0m  [1m[34mSELECT "schema_migrations"."version" FROM "schema_migrations" ORDER BY "schema_migrations"."version" ASC[0m
  [1m[35m (0.1ms)[0m  [1m[34mSELECT sqlite_version(*)[0m
  [1m[36mNeed Destroy (0.5ms)[0m  [1m[31mDELETE FROM "needs"[0m
  [1m[36mPet Destroy (2.2ms)[0m  [1m[31mDELETE FROM "pets"[0m
  [1m[36mTRANSACTION (0.1ms)[0m  [1m[36mbegin transaction[0m
  [1m[36mPet Create (0.9ms)[0m  [1m[32mINSERT INTO "pets" ("name", "owner", "image_url", "created_at", "updated_at") VALUES (?, ?, ?, ?, ?)[0m  [["name", "Flopsie"], ["owner", "Fiona"], ["image_url", "https://static.wikia.nocookie.net/avatar/images/4/4c/Goat_gorilla.png/revision/latest/scale-to-width-down/333?cb=20130706150318"], ["created_at", "2021-01-25 23:10:51.699721"], ["updated_at", "2021-01-25 23:10:51.699721"]]
  [1m[36mTRANSACTION (1.0ms)[0m  [1m[36mcommit transaction[0m
  [1m[36mTRANSACTION (0.0ms)[0m  [1m[36mbegin transaction[0m
  [1m[36mPet Create (0.3ms)[0m  [1m[32mINSERT INTO "pets" ("name", "owner", "image_url", "created_at", "updated_at") VALUES (?, ?, ?, ?, ?)[0m  [["name", "Donkey"], ["owner", "Shrek"], ["image_url", "https://static.wikia.nocookie.net/universalstudios/images/f/f0/Donkey_shrek.png/revision/latest?cb=20170921231940"], ["created_at", "2021-01-25 23:10:51.705298"], ["updated_at", "2021-01-25 23:10:51.705298"]]
  [1m[36mTRANSACTION (0.8ms)[0m  [1m[36mcommit transaction[0m
  [1m[36mTRANSACTION (0.1ms)[0m  [1m[36mbegin transaction[0m
  [1m[36mPet Load (0.2ms)[0m  [1m[34mSELECT "pets".* FROM "pets" WHERE "pets"."id" = ? LIMIT ?[0m  [["id", 5], ["LIMIT", 1]]
  [1m[36mNeed Create (0.5ms)[0m  [1m[32mINSERT INTO "needs" ("medication", "exercise", "diet", "completed", "notes", "pet_id", "created_at", "updated_at") VALUES (?, ?, ?, ?, ?, ?, ?, ?)[0m  [["medication", "eye drops"], ["exercise", "walk twice a day"], ["diet", "Science Hill Diet"], ["completed", 1], ["notes", "Flopsie was very nice to the other animals"], ["pet_id", 5], ["created_at", "2021-01-25 23:10:51.731587"], ["updated_at", "2021-01-25 23:10:51.731587"]]
  [1m[36mTRANSACTION (1.1ms)[0m  [1m[36mcommit transaction[0m
  [1m[36mTRANSACTION (0.1ms)[0m  [1m[36mbegin transaction[0m
  [1m[36mPet Load (0.1ms)[0m  [1m[34mSELECT "pets".* FROM "pets" WHERE "pets"."id" = ? LIMIT ?[0m  [["id", 6], ["LIMIT", 1]]
  [1m[36mNeed Create (0.4ms)[0m  [1m[32mINSERT INTO "needs" ("medication", "exercise", "diet", "completed", "notes", "pet_id", "created_at", "updated_at") VALUES (?, ?, ?, ?, ?, ?, ?, ?)[0m  [["medication", "ear drops"], ["exercise", "pool time twice a day"], ["diet", "Waffles"], ["completed", 1], ["notes", "Donkey is having fun in the pool!"], ["pet_id", 6], ["created_at", "2021-01-25 23:10:51.738269"], ["updated_at", "2021-01-25 23:10:51.738269"]]
  [1m[36mTRANSACTION (0.9ms)[0m  [1m[36mcommit transaction[0m
  [1m[35m (0.4ms)[0m  [1m[34mSELECT sqlite_version(*)[0m
  [1m[36mPet Load (0.2ms)[0m  [1m[34mSELECT "pets".* FROM "pets" /* loading for inspect */ LIMIT ?[0m  [["LIMIT", 11]]
  [1m[36mNeed Load (0.2ms)[0m  [1m[34mSELECT "needs".* FROM "needs" /* loading for inspect */ LIMIT ?[0m  [["LIMIT", 11]]
  [1m[36mPet Load (0.2ms)[0m  [1m[34mSELECT "pets".* FROM "pets" ORDER BY "pets"."id" ASC LIMIT ?[0m  [["LIMIT", 1]]
  [1m[36mPet Load (0.2ms)[0m  [1m[34mSELECT "pets".* FROM "pets" ORDER BY "pets"."id" ASC LIMIT ?[0m  [["LIMIT", 1]]
  [1m[36mNeed Load (0.3ms)[0m  [1m[34mSELECT "needs".* FROM "needs" WHERE "needs"."pet_id" = ? /* loading for inspect */ LIMIT ?[0m  [["pet_id", 5], ["LIMIT", 11]]
Started GET "/" for ::1 at 2021-01-25 15:18:34 -0800
  [1m[35m (3.5ms)[0m  [1m[34mSELECT sqlite_version(*)[0m
  [1m[35m (0.6ms)[0m  [1m[34mSELECT "schema_migrations"."version" FROM "schema_migrations" ORDER BY "schema_migrations"."version" ASC[0m
Processing by Rails::WelcomeController#index as HTML
  Rendering /Users/noelani26/.rvm/gems/ruby-2.6.1/gems/railties-6.1.1/lib/rails/templates/rails/welcome/index.html.erb
  Rendered /Users/noelani26/.rvm/gems/ruby-2.6.1/gems/railties-6.1.1/lib/rails/templates/rails/welcome/index.html.erb (Duration: 16.1ms | Allocations: 481)
Completed 200 OK in 51ms (Views: 27.9ms | ActiveRecord: 0.0ms | Allocations: 4151)


Started GET "/pets" for ::1 at 2021-01-25 15:18:40 -0800
Processing by PetsController#index as HTML
  [1m[36mPet Load (0.7ms)[0m  [1m[34mSELECT "pets".* FROM "pets"[0m
  ↳ app/controllers/pets_controller.rb:4:in `index'
No serializer found for resource: #<Pet id: 5, name: "Flopsie", owner: "Fiona", image_url: "https://static.wikia.nocookie.net/avatar/images/4/...", created_at: "2021-01-25 23:10:51.699721000 +0000", updated_at: "2021-01-25 23:10:51.699721000 +0000">
[active_model_serializers] Rendered ActiveModel::Serializer::CollectionSerializer with Pet::ActiveRecord_Relation (1.35ms)
Completed 200 OK in 33ms (Views: 23.4ms | ActiveRecord: 2.4ms | Allocations: 7044)


Started GET "/need" for ::1 at 2021-01-25 15:23:16 -0800
  
ActionController::RoutingError (No route matches [GET] "/need"):
  
Started GET "/need/1" for ::1 at 2021-01-25 15:23:30 -0800
  
ActionController::RoutingError (No route matches [GET] "/need/1"):
  
Started GET "/needs/1" for ::1 at 2021-01-25 15:23:36 -0800
  
SyntaxError (/Users/noelani26/Project3/pets-backend/app/controllers/needs_controller.rb:4: syntax error, unexpected tIDENTIFIER, expecting ')'
        render json: need
        ^~~~~~):
  
app/controllers/needs_controller.rb:4: syntax error, unexpected tIDENTIFIER, expecting ')'
app/controllers/needs_controller.rb:4: syntax error, unexpected tIDENTIFIER, expecting ')'
Started GET "/needs/1" for ::1 at 2021-01-25 15:32:11 -0800
Processing by NeedsController#show as HTML
  Parameters: {"id"=>"1"}
Completed 500 Internal Server Error in 2ms (Allocations: 579)


  
NoMethodError (undefined method `find_by' for nil:NilClass):
  
app/controllers/needs_controller.rb:3:in `show'
Started GET "/needs/1" for ::1 at 2021-01-25 15:33:26 -0800
Processing by NeedsController#show as HTML
  Parameters: {"id"=>"1"}
Completed 500 Internal Server Error in 1ms (Allocations: 557)


  
NoMethodError (undefined method `find' for nil:NilClass):
  
app/controllers/needs_controller.rb:3:in `show'
Started GET "/needs/1" for ::1 at 2021-01-25 15:41:21 -0800
Processing by NeedsController#show as HTML
  Parameters: {"id"=>"1"}
Completed 500 Internal Server Error in 1ms (Allocations: 541)


  
NoMethodError (undefined method `find' for nil:NilClass):
  
app/controllers/needs_controller.rb:3:in `show'
Started GET "/needs" for ::1 at 2021-01-25 15:41:24 -0800
  
AbstractController::ActionNotFound (The action 'index' could not be found for NeedsController
Did you mean?  destroy
               create
               show):
  
actionpack (6.1.1) lib/abstract_controller/base.rb:160:in `process'
actionpack (6.1.1) lib/action_controller/metal.rb:190:in `dispatch'
actionpack (6.1.1) lib/action_controller/metal.rb:254:in `dispatch'
actionpack (6.1.1) lib/action_dispatch/routing/route_set.rb:50:in `dispatch'
actionpack (6.1.1) lib/action_dispatch/routing/route_set.rb:33:in `serve'
actionpack (6.1.1) lib/action_dispatch/journey/router.rb:50:in `block in serve'
actionpack (6.1.1) lib/action_dispatch/journey/router.rb:32:in `each'
actionpack (6.1.1) lib/action_dispatch/journey/router.rb:32:in `serve'
actionpack (6.1.1) lib/action_dispatch/routing/route_set.rb:842:in `call'
rack (2.2.3) lib/rack/etag.rb:27:in `call'
rack (2.2.3) lib/rack/conditional_get.rb:27:in `call'
rack (2.2.3) lib/rack/head.rb:12:in `call'
activerecord (6.1.1) lib/active_record/migration.rb:601:in `call'
actionpack (6.1.1) lib/action_dispatch/middleware/callbacks.rb:27:in `block in call'
activesupport (6.1.1) lib/active_support/callbacks.rb:98:in `run_callbacks'
actionpack (6.1.1) lib/action_dispatch/middleware/callbacks.rb:26:in `call'
actionpack (6.1.1) lib/action_dispatch/middleware/executor.rb:14:in `call'
actionpack (6.1.1) lib/action_dispatch/middleware/actionable_exceptions.rb:18:in `call'
actionpack (6.1.1) lib/action_dispatch/middleware/debug_exceptions.rb:29:in `call'
actionpack (6.1.1) lib/action_dispatch/middleware/show_exceptions.rb:33:in `call'
railties (6.1.1) lib/rails/rack/logger.rb:37:in `call_app'
railties (6.1.1) lib/rails/rack/logger.rb:26:in `block in call'
activesupport (6.1.1) lib/active_support/tagged_logging.rb:99:in `block in tagged'
activesupport (6.1.1) lib/active_support/tagged_logging.rb:37:in `tagged'
activesupport (6.1.1) lib/active_support/tagged_logging.rb:99:in `tagged'
railties (6.1.1) lib/rails/rack/logger.rb:26:in `call'
actionpack (6.1.1) lib/action_dispatch/middleware/remote_ip.rb:81:in `call'
actionpack (6.1.1) lib/action_dispatch/middleware/request_id.rb:26:in `call'
rack (2.2.3) lib/rack/runtime.rb:22:in `call'
activesupport (6.1.1) lib/active_support/cache/strategy/local_cache_middleware.rb:29:in `call'
actionpack (6.1.1) lib/action_dispatch/middleware/executor.rb:14:in `call'
actionpack (6.1.1) lib/action_dispatch/middleware/static.rb:24:in `call'
rack (2.2.3) lib/rack/sendfile.rb:110:in `call'
actionpack (6.1.1) lib/action_dispatch/middleware/host_authorization.rb:98:in `call'
rack-cors (1.1.1) lib/rack/cors.rb:100:in `call'
railties (6.1.1) lib/rails/engine.rb:539:in `call'
puma (5.1.1) lib/puma/configuration.rb:246:in `call'
puma (5.1.1) lib/puma/request.rb:76:in `block in handle_request'
puma (5.1.1) lib/puma/thread_pool.rb:337:in `with_force_shutdown'
puma (5.1.1) lib/puma/request.rb:75:in `handle_request'
puma (5.1.1) lib/puma/server.rb:431:in `process_client'
puma (5.1.1) lib/puma/thread_pool.rb:145:in `block in spawn_thread'
Started GET "/needs/1" for ::1 at 2021-01-25 15:41:29 -0800
Processing by NeedsController#show as HTML
  Parameters: {"id"=>"1"}
Completed 500 Internal Server Error in 1ms (Allocations: 540)


  
NoMethodError (undefined method `find' for nil:NilClass):
  
app/controllers/needs_controller.rb:3:in `show'
Started GET "/needs/1" for ::1 at 2021-01-25 15:41:56 -0800
Processing by NeedsController#show as HTML
  Parameters: {"id"=>"1"}
Completed 500 Internal Server Error in 1ms (Allocations: 554)


  
NoMethodError (undefined method `find' for nil:NilClass):
  
app/controllers/needs_controller.rb:3:in `show'
Started GET "/needs/1" for ::1 at 2021-01-25 15:42:11 -0800
Processing by NeedsController#show as HTML
  Parameters: {"id"=>"1"}
Completed 500 Internal Server Error in 39152ms (Allocations: 54008)


  
NoMethodError (undefined method `find' for nil:NilClass):
  
app/controllers/needs_controller.rb:4:in `show'
Started GET "/needs/1" for ::1 at 2021-01-25 15:44:08 -0800
Processing by NeedsController#show as HTML
  Parameters: {"id"=>"1"}
Completed 500 Internal Server Error in 12267ms (Allocations: 3628)


  
NameError (uninitialized constant NeedsController::Needs):
  
app/controllers/needs_controller.rb:4:in `show'
Started GET "/needs/1" for ::1 at 2021-01-25 15:44:20 -0800
Processing by NeedsController#show as HTML
  Parameters: {"id"=>"1"}
Completed 500 Internal Server Error in 1102ms (Allocations: 4041)


  
NameError (uninitialized constant NeedsController::Needs):
  
app/controllers/needs_controller.rb:4:in `show'
Started GET "/needs/1" for ::1 at 2021-01-25 15:44:25 -0800
Processing by NeedsController#show as HTML
  Parameters: {"id"=>"1"}
Completed 500 Internal Server Error in 3ms (Allocations: 1788)


  
NameError (uninitialized constant NeedsController::Needs):
  
app/controllers/needs_controller.rb:3:in `show'
Started GET "/needs/1" for ::1 at 2021-01-25 15:44:33 -0800
Processing by NeedsController#show as HTML
  Parameters: {"id"=>"1"}
  [1m[35m (0.1ms)[0m  [1m[34mSELECT sqlite_version(*)[0m
  ↳ app/controllers/needs_controller.rb:3:in `show'
  [1m[36mNeed Load (0.6ms)[0m  [1m[34mSELECT "needs".* FROM "needs" WHERE "needs"."id" = ? LIMIT ?[0m  [["id", 1], ["LIMIT", 1]]
  ↳ app/controllers/needs_controller.rb:3:in `show'
[active_model_serializers] Rendered ActiveModel::Serializer::Null with Need (0.44ms)
Completed 200 OK in 25ms (Views: 3.9ms | ActiveRecord: 2.1ms | Allocations: 8398)


Started GET "/pets" for ::1 at 2021-01-25 17:17:57 -0800
Processing by PetsController#index as HTML
  [1m[35m (0.2ms)[0m  [1m[34mSELECT sqlite_version(*)[0m
  ↳ app/controllers/pets_controller.rb:4:in `index'
  [1m[36mPet Load (0.6ms)[0m  [1m[34mSELECT "pets".* FROM "pets"[0m
  ↳ app/controllers/pets_controller.rb:4:in `index'
No serializer found for resource: #<Pet id: 5, name: "Flopsie", owner: "Fiona", image_url: "https://static.wikia.nocookie.net/avatar/images/4/...", created_at: "2021-01-25 23:10:51.699721000 +0000", updated_at: "2021-01-25 23:10:51.699721000 +0000">
[active_model_serializers] Rendered ActiveModel::Serializer::CollectionSerializer with Pet::ActiveRecord_Relation (0.69ms)
Completed 200 OK in 27ms (Views: 20.6ms | ActiveRecord: 2.3ms | Allocations: 6100)


Started GET "/pets" for ::1 at 2021-01-25 17:21:53 -0800
  
SyntaxError (/Users/noelani26/Project3/pets-backend/app/controllers/pets_controller.rb:3: syntax error, unexpected tLABEL
        pets = Pet.all, only: [:name, :owner, :image_url]
                        ^~~~~):
  
app/controllers/pets_controller.rb:3: syntax error, unexpected tLABEL
app/controllers/pets_controller.rb:3: syntax error, unexpected tLABEL
Started GET "/pets" for ::1 at 2021-01-25 17:22:25 -0800
Processing by PetsController#index as HTML
  [1m[35m (0.1ms)[0m  [1m[34mSELECT sqlite_version(*)[0m
  ↳ app/controllers/pets_controller.rb:4:in `index'
  [1m[36mPet Load (0.4ms)[0m  [1m[34mSELECT "pets".* FROM "pets"[0m
  ↳ app/controllers/pets_controller.rb:4:in `index'
No serializer found for resource: #<Pet id: 5, name: "Flopsie", owner: "Fiona", image_url: "https://static.wikia.nocookie.net/avatar/images/4/...", created_at: "2021-01-25 23:10:51.699721000 +0000", updated_at: "2021-01-25 23:10:51.699721000 +0000">
[active_model_serializers] Rendered ActiveModel::Serializer::CollectionSerializer with Pet::ActiveRecord_Relation (0.34ms)
Completed 200 OK in 31ms (Views: 12.6ms | ActiveRecord: 2.1ms | Allocations: 6063)


